
> emotion-ai-app@1.0.0 dev
> concurrently "npm run backend" "npm run frontend"

(node:22536) [DEP0060] DeprecationWarning: The `util._extend` API is deprecated. Please use Object.assign() instead.
(Use `node --trace-deprecation ...` to show where the warning was created)
[1] 
[1] > emotion-ai-app@1.0.0 frontend
[1] > cd myapp && npm run dev
[1] 
[0] 
[0] > emotion-ai-app@1.0.0 backend
[0] > cd backend && .\venv2\Scripts\python -m uvicorn main:app --port 8000
[0] 
[1] 
[1] > myapp@0.1.0 dev
[1] > next dev --webpack
[1] 
[1] ΓÜá Warning: Next.js inferred your workspace root, but it may not be correct.
[1]  We detected multiple lockfiles and selected the directory of C:\Users\dhanu\package-lock.json as the root directory.
[1]  To silence this warning, set `outputFileTracingRoot` in your Next.js config, or consider removing one of the lockfiles if it's not needed.
[1]    See https://nextjs.org/docs/app/api-reference/config/next-config-js/output#caveats for more information.
[1]  Detected additional lockfiles: 
[1]    * C:\Users\dhanu\OneDrive\Desktop\Emotion_AI\myapp\package-lock.json
[1]    * C:\Users\dhanu\OneDrive\Desktop\Emotion_AI\package-lock.json
[1] 
[1] Γû▓ Next.js 16.1.6 (webpack)
[1] - Local:         http://localhost:3000
[1] - Network:       http://192.168.56.1:3000
[1] 
[1] Γ£ô Starting...
[1] Γ£ô Ready in 3.4s
[1] Γùï Compiling / ...
[1]  GET / 200 in 7.4s (compile: 7.0s, render: 354ms)
[1] ^CTerminate batch job (Y/N)? ^CTerminate batch job (Y/N)? ^Cnpm run frontend exited with code 3221225786
[0] npm run backend exited with code 3221225786
